busoff:3 col:11 row:16 rank:2 bank:3 chan:0
Channel to CPU ratio : 1
DRAM to CPU ratio : 4
DRAM_CPU_CLK_ADJUSTMENT : 6
==================Epoch [0]=======================
per epoch] reads   : 56 writes : 36 (60.8696% Reads) : 92
lifetime ] reads   : 56 writes : 36 total : 92
issued logic ops   : 0 returned logic responses : 0
bandwidth          : 8.7738 GB/sec
current cycle      : 2000
--------------------------
full time mean  : 136.39 ns
          std   : 38.4714 ns
          min   : 45.9375 ns
          max   : 259.688 ns
chan time mean  : 90.4799 ns
           std  : 32.9723
           min  : 44.0625 ns
           max  : 185.938 ns
dram time mean  : 52.1205 ns
          std   : 19.4826 ns
          min   : 32.5 ns
          max   : 110 ns
-- Per Channel Latency Components in nanoseconds (All from READs) : 
      reqPort    reqLink     workQ    access     rrq    rspLink   rspPort  total
0]   44.3471    2.8125   16.7634   52.1205   10.6585    8.4375    1.2500  136.3895
 ---  Port stats (per epoch) : 
 0]  request: 89.55% idle  response: 88.8% idle  rds:65 wrts:36 rtn:56 tot:101
 === BOB Print === 
 == Ports
  -- Port 0 - inputBufferAvg : 7.926 (8)   outputBufferAvg : 0.112 (0)
 == Link Bandwidth (!! Includes packet overhead and request packets !!)
    Req Link(6.4 GB/s peak)  Rsp Link(9.6 GB/s peak)
      5.4368 GB/s             7.3632 GB/s
     -----------
      5.4368          7.3632 (avgs)
 == Channel Usage and Stats (32GB/Chan == 32 GB total)
     reqs   workQAvg  workQMax idleBanks   actBanks  preBanks  refBanks  (totalBanks) BusIdle  BW(10.6667)  RRQMax(16)   RRQFull lifetimeRequests
0]       93    3.3942         7   20.9567    9.4062    1.6370    0.0000   32.0000     27.40     7.212         4(1)         0        93
                                                                                          AVG : 7.21178
 == Requests seen at Channels
  -- Reads  : 62
  -- Writes : 31
            = 93
 == Channel Power
    -- Channel 0 -- DRAM Power : 11.2967 w
   Average Power  : 11.2967 w
   Total Power    : 11.2967 w
   SimpCont BG Power : 7 w
   SimpCont Core Power : 3.5 w
   System Power   : 21.7967 w
 == Time Check
    CPU Time : 625ns
   DRAM Time : 624ns
