busoff:3 col:11 row:16 rank:2 bank:3 chan:3
Channel to CPU ratio : 1
DRAM to CPU ratio : 4
DRAM_CPU_CLK_ADJUSTMENT : 6
==================Epoch [0]=======================
per epoch] reads   : 220 writes : 137 (61.6247% Reads) : 357
lifetime ] reads   : 220 writes : 137 total : 357
issued logic ops   : 0 returned logic responses : 0
bandwidth          : 34.0462 GB/sec
current cycle      : 2000
--------------------------
full time mean  : 126.416 ns
          std   : 50.0691 ns
          min   : 45.9375 ns
          max   : 311.562 ns
chan time mean  : 78.3878 ns
           std  : 36.2339
           min  : 43.75 ns
           max  : 217.188 ns
dram time mean  : 38.9716 ns
          std   : 7.52934 ns
          min   : 32.5 ns
          max   : 63.75 ns
-- Per Channel Latency Components in nanoseconds (All from READs) : 
      reqPort    reqLink     workQ    access     rrq    rspLink   rspPort  total
0]   35.4282    2.8125    6.5741   39.1667    8.4954    9.0741    1.2500  102.8009
1]   46.3221    2.8125    2.4279   38.5577   10.8774    8.9183    1.2500  111.1659
2]   37.0151    2.8125    3.2435   35.8190   36.9397    8.9763    1.2500  126.0560
3]   37.1191    2.8125    4.8633   40.4688   79.3457    8.9844    1.2500  174.8438
4]   32.2957    2.8125    5.5288   37.8846   15.9255    9.0385    1.2500  104.7356
5]   31.9413    2.8125    3.3239   39.5076   10.8996    9.0057    1.2500   98.7405
6]   81.4009    2.8125    4.8707   41.5948    9.4935    9.0841    1.2500  150.5065
7]   78.8021    2.8125    2.5521   38.0556    9.0451    9.0799    1.2500  141.5972
 ---  Port stats (per epoch) : 
 0]  request: 89.6% idle  response: 89.9% idle  rds:61 wrts:37 rtn:50 tot:98
 1]  request: 90.05% idle  response: 89.6% idle  rds:71 wrts:32 rtn:52 tot:103
 2]  request: 91% idle  response: 88.4% idle  rds:72 wrts:27 rtn:58 tot:99
 3]  request: 87.65% idle  response: 88% idle  rds:86 wrts:41 rtn:60 tot:127
 === BOB Print === 
 == Ports
  -- Port 0 - inputBufferAvg : 7.897 (8)   outputBufferAvg : 0.101 (1)
  -- Port 1 - inputBufferAvg : 7.913 (8)   outputBufferAvg : 0.104 (0)
  -- Port 2 - inputBufferAvg : 7.9175 (8)   outputBufferAvg : 0.116 (0)
  -- Port 3 - inputBufferAvg : 7.8955 (8)   outputBufferAvg : 0.12 (0)
 == Link Bandwidth (!! Includes packet overhead and request packets !!)
    Req Link(6.4 GB/s peak)  Rsp Link(9.6 GB/s peak)
      6.0864 GB/s             6.9984 GB/s
      4.768 GB/s             7.9824 GB/s
      5.9904 GB/s             7.704 GB/s
      6.0736 GB/s             6.2304 GB/s
     -----------
      5.7296          7.2288 (avgs)
 == Channel Usage and Stats (32GB/Chan == 256 GB total)
     reqs   workQAvg  workQMax idleBanks   actBanks  preBanks  refBanks  (totalBanks) BusIdle  BW(10.6667)  RRQMax(16)   RRQFull lifetimeRequests
0]       49    0.5144         3   28.4279    2.6130    0.9591    0.0000   32.0000     56.73     4.298         4(0)         0        49
1]       46    0.2019         2   28.6562    2.4519    0.8918    0.0000   32.0000     58.65     4.107         4(0)         0        46
2]       42    0.3173         2   29.3438    1.8413    0.8149    0.0000   32.0000     63.94     3.582         5(2)         0        42
3]       53    0.4567         3   27.9399    3.0337    1.0264    0.0000   32.0000     51.92     4.776         9(3)         0        53
4]       52    1.0144         5   28.4688    2.5962    0.9351    0.0000   32.0000     57.69     4.203         4(3)         0        52
5]       55    0.5024         3   28.0745    2.8365    1.0889    0.0000   32.0000     51.92     4.776         4(3)         0        55
6]       59    0.4952         3   27.2788    3.5769    1.1442    0.0000   32.0000     48.56     5.110         4(2)         0        59
7]       39    0.1611         2   29.1947    2.0192    0.7861    0.0000   32.0000     65.38     3.439         7(6)         0        39
                                                                                          AVG : 4.28647
 == Requests seen at Channels
  -- Reads  : 268
  -- Writes : 127
            = 395
 == Channel Power
    -- Channel 0 -- DRAM Power : 7.99846 w
    -- Channel 1 -- DRAM Power : 7.77202 w
    -- Channel 2 -- DRAM Power : 7.26635 w
    -- Channel 3 -- DRAM Power : 8.29154 w
    -- Channel 4 -- DRAM Power : 8.03077 w
    -- Channel 5 -- DRAM Power : 8.4124 w
    -- Channel 6 -- DRAM Power : 8.83961 w
    -- Channel 7 -- DRAM Power : 7.11779 w
   Average Power  : 7.96612 w
   Total Power    : 63.7289 w
   SimpCont BG Power : 28 w
   SimpCont Core Power : 28 w
   System Power   : 119.729 w
 == Time Check
    CPU Time : 625ns
   DRAM Time : 624ns
